# JRE version: OpenJDK Runtime Environment Microsoft-10376486 (17.0.13+11) (build 17.0.13+11-LTS)
# Java VM: OpenJDK 64-Bit Server VM Microsoft-10376486 (17.0.13+11-LTS, mixed mode, sharing, tiered, compressed oops, compressed class ptrs, g1 gc, windows-amd64)
GC Precious Log:
 CPUs: 4 total, 4 available
 Memory: 8089M
 Large Page Support: Disabled
 NUMA Support: Disabled
 Compressed Oops: Enabled (32-bit)
 Heap Region Size: 1M
 Heap Min Capacity: 8M
 Heap Initial Capacity: 128M
 Heap Max Capacity: 2G
 Pre-touch: Disabled
 Parallel Workers: 4
 Concurrent Workers: 1
 Concurrent Refinement Workers: 4
 Periodic GC: Disabled
Heap:
 garbage-first heap   total 266240K, used 144278K [0x0000000080000000, 0x0000000100000000)
  region size 1024K, 1 young (1024K), 1 survivors (1024K)
 Metaspace       used 127098K, committed 128256K, reserved 557056K
  class space    used 16968K, committed 17536K, reserved 425984K
GC Heap History (20 events):
Event: 220.505 GC heap after
{Heap after GC invocations=62 (full 0):
 garbage-first heap   total 231424K, used 141649K [0x0000000080000000, 0x0000000100000000)
  region size 1024K, 2 young (2048K), 2 survivors (2048K)
 Metaspace       used 116955K, committed 118080K, reserved 557056K
  class space    used 15758K, committed 16320K, reserved 425984K
}
Event: 223.697 GC heap before
{Heap before GC invocations=62 (full 0):
 garbage-first heap   total 231424K, used 198993K [0x0000000080000000, 0x0000000100000000)
  region size 1024K, 59 young (60416K), 2 survivors (2048K)
 Metaspace       used 118518K, committed 119680K, reserved 557056K
  class space    used 15938K, committed 16512K, reserved 425984K
}
Event: 223.713 GC heap after
{Heap after GC invocations=63 (full 0):
 garbage-first heap   total 231424K, used 144499K [0x0000000080000000, 0x0000000100000000)
  region size 1024K, 5 young (5120K), 5 survivors (5120K)
 Metaspace       used 118518K, committed 119680K, reserved 557056K
  class space    used 15938K, committed 16512K, reserved 425984K
}
Event: 224.496 GC heap before
{Heap before GC invocations=63 (full 0):
 garbage-first heap   total 231424K, used 197747K [0x0000000080000000, 0x0000000100000000)
  region size 1024K, 58 young (59392K), 5 survivors (5120K)
 Metaspace       used 118834K, committed 120000K, reserved 557056K
  class space    used 15970K, committed 16576K, reserved 425984K
}
Event: 224.507 GC heap after
{Heap after GC invocations=64 (full 0):
 garbage-first heap   total 231424K, used 145979K [0x0000000080000000, 0x0000000100000000)
  region size 1024K, 6 young (6144K), 6 survivors (6144K)
 Metaspace       used 118834K, committed 120000K, reserved 557056K
  class space    used 15970K, committed 16576K, reserved 425984K
}
Event: 225.385 GC heap before
{Heap before GC invocations=64 (full 0):
 garbage-first heap   total 231424K, used 198203K [0x0000000080000000, 0x0000000100000000)
  region size 1024K, 58 young (59392K), 6 survivors (6144K)
 Metaspace       used 118974K, committed 120128K, reserved 557056K
  class space    used 15991K, committed 16576K, reserved 425984K
}
Event: 225.406 GC heap after
{Heap after GC invocations=65 (full 0):
 garbage-first heap   total 231424K, used 145490K [0x0000000080000000, 0x0000000100000000)
  region size 1024K, 2 young (2048K), 2 survivors (2048K)
 Metaspace       used 118974K, committed 120128K, reserved 557056K
  class space    used 15991K, committed 16576K, reserved 425984K
}
Event: 227.538 GC heap before
{Heap before GC invocations=65 (full 0):
 garbage-first heap   total 231424K, used 199762K [0x0000000080000000, 0x0000000100000000)
  region size 1024K, 56 young (57344K), 2 survivors (2048K)
 Metaspace       used 121948K, committed 123136K, reserved 557056K
  class space    used 16339K, committed 16896K, reserved 425984K
}
Event: 227.548 GC heap after
{Heap after GC invocations=66 (full 0):
 garbage-first heap   total 231424K, used 147226K [0x0000000080000000, 0x0000000100000000)
  region size 1024K, 4 young (4096K), 4 survivors (4096K)
 Metaspace       used 121948K, committed 123136K, reserved 557056K
  class space    used 16339K, committed 16896K, reserved 425984K
}
Event: 228.613 GC heap before
{Heap before GC invocations=66 (full 0):
 garbage-first heap   total 231424K, used 189210K [0x0000000080000000, 0x0000000100000000)
  region size 1024K, 47 young (48128K), 4 survivors (4096K)
 Metaspace       used 122741K, committed 123840K, reserved 557056K
  class space    used 16453K, committed 17024K, reserved 425984K
}
Event: 228.639 GC heap after
{Heap after GC invocations=67 (full 0):
 garbage-first heap   total 231424K, used 147671K [0x0000000080000000, 0x0000000100000000)
  region size 1024K, 4 young (4096K), 4 survivors (4096K)
 Metaspace       used 122741K, committed 123840K, reserved 557056K
  class space    used 16453K, committed 17024K, reserved 425984K
}
Event: 255.201 GC heap before
{Heap before GC invocations=68 (full 0):
 garbage-first heap   total 250880K, used 195799K [0x0000000080000000, 0x0000000100000000)
  region size 1024K, 54 young (55296K), 4 survivors (4096K)
 Metaspace       used 124802K, committed 125952K, reserved 557056K
  class space    used 16682K, committed 17280K, reserved 425984K
}
Event: 255.232 GC heap after
{Heap after GC invocations=69 (full 0):
 garbage-first heap   total 250880K, used 146582K [0x0000000080000000, 0x0000000100000000)
  region size 1024K, 5 young (5120K), 5 survivors (5120K)
 Metaspace       used 124802K, committed 125952K, reserved 557056K
  class space    used 16682K, committed 17280K, reserved 425984K
}
Event: 255.387 GC heap before
{Heap before GC invocations=69 (full 0):
 garbage-first heap   total 250880K, used 152726K [0x0000000080000000, 0x0000000100000000)
  region size 1024K, 12 young (12288K), 5 survivors (5120K)
 Metaspace       used 124819K, committed 126016K, reserved 557056K
  class space    used 16687K, committed 17280K, reserved 425984K
}
Event: 255.395 GC heap after
{Heap after GC invocations=70 (full 0):
 garbage-first heap   total 250880K, used 142265K [0x0000000080000000, 0x0000000100000000)
  region size 1024K, 1 young (1024K), 1 survivors (1024K)
 Metaspace       used 124819K, committed 126016K, reserved 557056K
  class space    used 16687K, committed 17280K, reserved 425984K
}
Event: 260.978 GC heap before
{Heap before GC invocations=70 (full 0):
 garbage-first heap   total 250880K, used 214969K [0x0000000080000000, 0x0000000100000000)
  region size 1024K, 73 young (74752K), 1 survivors (1024K)
 Metaspace       used 126665K, committed 127808K, reserved 557056K
  class space    used 16911K, committed 17472K, reserved 425984K
}
Event: 261.275 GC heap after
{Heap after GC invocations=71 (full 0):
 garbage-first heap   total 250880K, used 148346K [0x0000000080000000, 0x0000000100000000)
  region size 1024K, 7 young (7168K), 7 survivors (7168K)
 Metaspace       used 126665K, committed 127808K, reserved 557056K
  class space    used 16911K, committed 17472K, reserved 425984K
}
Event: 264.451 GC heap before
{Heap before GC invocations=72 (full 0):
 garbage-first heap   total 266240K, used 210810K [0x0000000080000000, 0x0000000100000000)
  region size 1024K, 69 young (70656K), 7 survivors (7168K)
 Metaspace       used 127096K, committed 128256K, reserved 557056K
  class space    used 16968K, committed 17536K, reserved 425984K
}
Event: 264.502 GC heap after
{Heap after GC invocations=73 (full 0):
 garbage-first heap   total 266240K, used 147097K [0x0000000080000000, 0x0000000100000000)
  region size 1024K, 3 young (3072K), 3 survivors (3072K)
 Metaspace       used 127096K, committed 128256K, reserved 557056K
  class space    used 16968K, committed 17536K, reserved 425984K
}
Event: 264.705 GC heap before
{Heap before GC invocations=73 (full 0):
 garbage-first heap   total 266240K, used 156313K [0x0000000080000000, 0x0000000100000000)
  region size 1024K, 13 young (13312K), 3 survivors (3072K)
 Metaspace       used 127098K, committed 128256K, reserved 557056K
  class space    used 16968K, committed 17536K, reserved 425984K
}

